# JRE version: OpenJDK Runtime Environment Temurin-21.0.9+10 (21.0.9+10) (build 21.0.9+10-LTS)
# Java VM: OpenJDK 64-Bit Server VM Temurin-21.0.9+10 (21.0.9+10-LTS, mixed mode, sharing, tiered, compressed oops, compressed class ptrs, parallel gc, windows-amd64)
GC Precious Log:
 CardTable entry size: 512
 CPUs: 8 total, 8 available
 Memory: 7455M
 Large Page Support: Disabled
 NUMA Support: Disabled
 Compressed Oops: Enabled (32-bit)
 Alignments: Space 512K, Generation 512K, Heap 2M
 Heap Min Capacity: 100M
 Heap Initial Capacity: 100M
 Heap Max Capacity: 2G
 Pre-touch: Disabled
 Parallel Workers: 8
Heap:
 PSYoungGen      total 4608K, used 4251K [0x00000000d5580000, 0x00000000d5b00000, 0x0000000100000000)
  eden space 3584K, 100% used [0x00000000d5580000,0x00000000d5900000,0x00000000d5900000)
  from space 1024K, 65% used [0x00000000d5a00000,0x00000000d5aa6c08,0x00000000d5b00000)
  to   space 1024K, 50% used [0x00000000d5900000,0x00000000d5980000,0x00000000d5a00000)
 ParOldGen       total 108544K, used 108332K [0x0000000080000000, 0x0000000086a00000, 0x00000000d5580000)
  object space 108544K, 99% used [0x0000000080000000,0x00000000869cb360,0x0000000086a00000)
 Metaspace       used 72754K, committed 74304K, reserved 1179648K
  class space    used 7591K, committed 8320K, reserved 1048576K
GC Heap History (20 events):
Event: 57.152 GC heap after
{Heap after GC invocations=123 (full 3):
 PSYoungGen      total 4608K, used 496K [0x00000000d5580000, 0x00000000d6000000, 0x0000000100000000)
  eden space 4096K, 0% used [0x00000000d5580000,0x00000000d5580000,0x00000000d5980000)
  from space 512K, 96% used [0x00000000d5c80000,0x00000000d5cfc1a8,0x00000000d5d00000)
  to   space 3072K, 0% used [0x00000000d5980000,0x00000000d5980000,0x00000000d5c80000)
 ParOldGen       total 103424K, used 102945K [0x0000000080000000, 0x0000000086500000, 0x00000000d5580000)
  object space 103424K, 99% used [0x0000000080000000,0x0000000086488738,0x0000000086500000)
 Metaspace       used 72472K, committed 73984K, reserved 1179648K
  class space    used 7561K, committed 8320K, reserved 1048576K
}
Event: 57.185 GC heap before
{Heap before GC invocations=124 (full 3):
 PSYoungGen      total 4608K, used 4592K [0x00000000d5580000, 0x00000000d6000000, 0x0000000100000000)
  eden space 4096K, 100% used [0x00000000d5580000,0x00000000d5980000,0x00000000d5980000)
  from space 512K, 96% used [0x00000000d5c80000,0x00000000d5cfc1a8,0x00000000d5d00000)
  to   space 3072K, 0% used [0x00000000d5980000,0x00000000d5980000,0x00000000d5c80000)
 ParOldGen       total 103424K, used 102945K [0x0000000080000000, 0x0000000086500000, 0x00000000d5580000)
  object space 103424K, 99% used [0x0000000080000000,0x0000000086488738,0x0000000086500000)
 Metaspace       used 72552K, committed 74112K, reserved 1179648K
  class space    used 7570K, committed 8320K, reserved 1048576K
}
Event: 57.188 GC heap after
{Heap after GC invocations=124 (full 3):
 PSYoungGen      total 5632K, used 1312K [0x00000000d5580000, 0x00000000d5d80000, 0x0000000100000000)
  eden space 4096K, 0% used [0x00000000d5580000,0x00000000d5580000,0x00000000d5980000)
  from space 1536K, 85% used [0x00000000d5980000,0x00000000d5ac8010,0x00000000d5b00000)
  to   space 2048K, 0% used [0x00000000d5b80000,0x00000000d5b80000,0x00000000d5d80000)
 ParOldGen       total 103936K, used 103442K [0x0000000080000000, 0x0000000086580000, 0x00000000d5580000)
  object space 103936K, 99% used [0x0000000080000000,0x00000000865048e0,0x0000000086580000)
 Metaspace       used 72552K, committed 74112K, reserved 1179648K
  class space    used 7570K, committed 8320K, reserved 1048576K
}
Event: 57.216 GC heap before
{Heap before GC invocations=125 (full 3):
 PSYoungGen      total 5632K, used 5408K [0x00000000d5580000, 0x00000000d5d80000, 0x0000000100000000)
  eden space 4096K, 100% used [0x00000000d5580000,0x00000000d5980000,0x00000000d5980000)
  from space 1536K, 85% used [0x00000000d5980000,0x00000000d5ac8010,0x00000000d5b00000)
  to   space 2048K, 0% used [0x00000000d5b80000,0x00000000d5b80000,0x00000000d5d80000)
 ParOldGen       total 103936K, used 103442K [0x0000000080000000, 0x0000000086580000, 0x00000000d5580000)
  object space 103936K, 99% used [0x0000000080000000,0x00000000865048e0,0x0000000086580000)
 Metaspace       used 72579K, committed 74112K, reserved 1179648K
  class space    used 7576K, committed 8320K, reserved 1048576K
}
Event: 57.220 GC heap after
{Heap after GC invocations=125 (full 3):
 PSYoungGen      total 5632K, used 1408K [0x00000000d5580000, 0x00000000d5d00000, 0x0000000100000000)
  eden space 4096K, 0% used [0x00000000d5580000,0x00000000d5580000,0x00000000d5980000)
  from space 1536K, 91% used [0x00000000d5b80000,0x00000000d5ce0010,0x00000000d5d00000)
  to   space 1536K, 0% used [0x00000000d5980000,0x00000000d5980000,0x00000000d5b00000)
 ParOldGen       total 104960K, used 104654K [0x0000000080000000, 0x0000000086680000, 0x00000000d5580000)
  object space 104960K, 99% used [0x0000000080000000,0x0000000086633920,0x0000000086680000)
 Metaspace       used 72579K, committed 74112K, reserved 1179648K
  class space    used 7576K, committed 8320K, reserved 1048576K
}
Event: 57.262 GC heap before
{Heap before GC invocations=126 (full 3):
 PSYoungGen      total 5632K, used 5504K [0x00000000d5580000, 0x00000000d5d00000, 0x0000000100000000)
  eden space 4096K, 100% used [0x00000000d5580000,0x00000000d5980000,0x00000000d5980000)
  from space 1536K, 91% used [0x00000000d5b80000,0x00000000d5ce0010,0x00000000d5d00000)
  to   space 1536K, 0% used [0x00000000d5980000,0x00000000d5980000,0x00000000d5b00000)
 ParOldGen       total 104960K, used 104654K [0x0000000080000000, 0x0000000086680000, 0x00000000d5580000)
  object space 104960K, 99% used [0x0000000080000000,0x0000000086633920,0x0000000086680000)
 Metaspace       used 72589K, committed 74112K, reserved 1179648K
  class space    used 7578K, committed 8320K, reserved 1048576K
}
Event: 57.269 GC heap after
{Heap after GC invocations=126 (full 3):
 PSYoungGen      total 5632K, used 384K [0x00000000d5580000, 0x00000000d5c00000, 0x0000000100000000)
  eden space 4096K, 0% used [0x00000000d5580000,0x00000000d5580000,0x00000000d5980000)
  from space 1536K, 25% used [0x00000000d5980000,0x00000000d59e0000,0x00000000d5b00000)
  to   space 1024K, 0% used [0x00000000d5b00000,0x00000000d5b00000,0x00000000d5c00000)
 ParOldGen       total 104960K, used 104742K [0x0000000080000000, 0x0000000086680000, 0x00000000d5580000)
  object space 104960K, 99% used [0x0000000080000000,0x0000000086649920,0x0000000086680000)
 Metaspace       used 72589K, committed 74112K, reserved 1179648K
  class space    used 7578K, committed 8320K, reserved 1048576K
}
Event: 57.285 GC heap before
{Heap before GC invocations=127 (full 3):
 PSYoungGen      total 5632K, used 4480K [0x00000000d5580000, 0x00000000d5c00000, 0x0000000100000000)
  eden space 4096K, 100% used [0x00000000d5580000,0x00000000d5980000,0x00000000d5980000)
  from space 1536K, 25% used [0x00000000d5980000,0x00000000d59e0000,0x00000000d5b00000)
  to   space 1024K, 0% used [0x00000000d5b00000,0x00000000d5b00000,0x00000000d5c00000)
 ParOldGen       total 104960K, used 104742K [0x0000000080000000, 0x0000000086680000, 0x00000000d5580000)
  object space 104960K, 99% used [0x0000000080000000,0x0000000086649920,0x0000000086680000)
 Metaspace       used 72593K, committed 74112K, reserved 1179648K
  class space    used 7578K, committed 8320K, reserved 1048576K
}
Event: 57.289 GC heap after
{Heap after GC invocations=127 (full 3):
 PSYoungGen      total 4608K, used 992K [0x00000000d5580000, 0x00000000d5d80000, 0x0000000100000000)
  eden space 3584K, 0% used [0x00000000d5580000,0x00000000d5580000,0x00000000d5900000)
  from space 1024K, 96% used [0x00000000d5b00000,0x00000000d5bf8010,0x00000000d5c00000)
  to   space 2048K, 0% used [0x00000000d5900000,0x00000000d5900000,0x00000000d5b00000)
 ParOldGen       total 105472K, used 105470K [0x0000000080000000, 0x0000000086700000, 0x00000000d5580000)
  object space 105472K, 99% used [0x0000000080000000,0x00000000866ff940,0x0000000086700000)
 Metaspace       used 72593K, committed 74112K, reserved 1179648K
  class space    used 7578K, committed 8320K, reserved 1048576K
}
Event: 57.313 GC heap before
{Heap before GC invocations=128 (full 3):
 PSYoungGen      total 4608K, used 4572K [0x00000000d5580000, 0x00000000d5d80000, 0x0000000100000000)
  eden space 3584K, 99% used [0x00000000d5580000,0x00000000d58ff050,0x00000000d5900000)
  from space 1024K, 96% used [0x00000000d5b00000,0x00000000d5bf8010,0x00000000d5c00000)
  to   space 2048K, 0% used [0x00000000d5900000,0x00000000d5900000,0x00000000d5b00000)
 ParOldGen       total 105472K, used 105470K [0x0000000080000000, 0x0000000086700000, 0x00000000d5580000)
  object space 105472K, 99% used [0x0000000080000000,0x00000000866ff940,0x0000000086700000)
 Metaspace       used 72600K, committed 74112K, reserved 1179648K
  class space    used 7578K, committed 8320K, reserved 1048576K
}
Event: 57.315 GC heap after
{Heap after GC invocations=128 (full 3):
 PSYoungGen      total 4608K, used 672K [0x00000000d5580000, 0x00000000d5c00000, 0x0000000100000000)
  eden space 3584K, 0% used [0x00000000d5580000,0x00000000d5580000,0x00000000d5900000)
  from space 1024K, 65% used [0x00000000d5900000,0x00000000d59a8000,0x00000000d5a00000)
  to   space 1536K, 0% used [0x00000000d5a80000,0x00000000d5a80000,0x00000000d5c00000)
 ParOldGen       total 106496K, used 106462K [0x0000000080000000, 0x0000000086800000, 0x00000000d5580000)
  object space 106496K, 99% used [0x0000000080000000,0x00000000867f7950,0x0000000086800000)
 Metaspace       used 72600K, committed 74112K, reserved 1179648K
  class space    used 7578K, committed 8320K, reserved 1048576K
}
Event: 57.461 GC heap before
{Heap before GC invocations=129 (full 3):
 PSYoungGen      total 4608K, used 4256K [0x00000000d5580000, 0x00000000d5c00000, 0x0000000100000000)
  eden space 3584K, 100% used [0x00000000d5580000,0x00000000d5900000,0x00000000d5900000)
  from space 1024K, 65% used [0x00000000d5900000,0x00000000d59a8000,0x00000000d5a00000)
  to   space 1536K, 0% used [0x00000000d5a80000,0x00000000d5a80000,0x00000000d5c00000)
 ParOldGen       total 106496K, used 106462K [0x0000000080000000, 0x0000000086800000, 0x00000000d5580000)
  object space 106496K, 99% used [0x0000000080000000,0x00000000867f7950,0x0000000086800000)
 Metaspace       used 72638K, committed 74176K, reserved 1179648K
  class space    used 7585K, committed 8320K, reserved 1048576K
}
Event: 57.465 GC heap after
{Heap after GC invocations=129 (full 3):
 PSYoungGen      total 4096K, used 448K [0x00000000d5580000, 0x00000000d5b00000, 0x0000000100000000)
  eden space 3584K, 0% used [0x00000000d5580000,0x00000000d5580000,0x00000000d5900000)
  from space 512K, 87% used [0x00000000d5a80000,0x00000000d5af0000,0x00000000d5b00000)
  to   space 1024K, 0% used [0x00000000d5900000,0x00000000d5900000,0x00000000d5a00000)
 ParOldGen       total 107008K, used 106994K [0x0000000080000000, 0x0000000086880000, 0x00000000d5580000)
  object space 107008K, 99% used [0x0000000080000000,0x000000008687c960,0x0000000086880000)
 Metaspace       used 72638K, committed 74176K, reserved 1179648K
  class space    used 7585K, committed 8320K, reserved 1048576K
}
Event: 57.573 GC heap before
{Heap before GC invocations=130 (full 3):
 PSYoungGen      total 4096K, used 4032K [0x00000000d5580000, 0x00000000d5b00000, 0x0000000100000000)
  eden space 3584K, 100% used [0x00000000d5580000,0x00000000d5900000,0x00000000d5900000)
  from space 512K, 87% used [0x00000000d5a80000,0x00000000d5af0000,0x00000000d5b00000)
  to   space 1024K, 0% used [0x00000000d5900000,0x00000000d5900000,0x00000000d5a00000)
 ParOldGen       total 107008K, used 106994K [0x0000000080000000, 0x0000000086880000, 0x00000000d5580000)
  object space 107008K, 99% used [0x0000000080000000,0x000000008687c960,0x0000000086880000)
 Metaspace       used 72721K, committed 74240K, reserved 1179648K
  class space    used 7591K, committed 8320K, reserved 1048576K
}
Event: 57.575 GC heap after
{Heap after GC invocations=130 (full 3):
 PSYoungGen      total 4608K, used 609K [0x00000000d5580000, 0x00000000d5b00000, 0x0000000100000000)
  eden space 3584K, 0% used [0x00000000d5580000,0x00000000d5580000,0x00000000d5900000)
  from space 1024K, 59% used [0x00000000d5900000,0x00000000d5998650,0x00000000d5a00000)
  to   space 1024K, 0% used [0x00000000d5a00000,0x00000000d5a00000,0x00000000d5b00000)
 ParOldGen       total 107520K, used 107351K [0x0000000080000000, 0x0000000086900000, 0x00000000d5580000)
  object space 107520K, 99% used [0x0000000080000000,0x00000000868d5ec8,0x0000000086900000)
 Metaspace       used 72721K, committed 74240K, reserved 1179648K
  class space    used 7591K, committed 8320K, reserved 1048576K
}
Event: 57.650 GC heap before
{Heap before GC invocations=131 (full 3):
 PSYoungGen      total 4608K, used 4193K [0x00000000d5580000, 0x00000000d5b00000, 0x0000000100000000)
  eden space 3584K, 100% used [0x00000000d5580000,0x00000000d5900000,0x00000000d5900000)
  from space 1024K, 59% used [0x00000000d5900000,0x00000000d5998650,0x00000000d5a00000)
  to   space 1024K, 0% used [0x00000000d5a00000,0x00000000d5a00000,0x00000000d5b00000)
 ParOldGen       total 107520K, used 107351K [0x0000000080000000, 0x0000000086900000, 0x00000000d5580000)
  object space 107520K, 99% used [0x0000000080000000,0x00000000868d5ec8,0x0000000086900000)
 Metaspace       used 72742K, committed 74304K, reserved 1179648K
  class space    used 7591K, committed 8320K, reserved 1048576K
}
Event: 57.652 GC heap after
{Heap after GC invocations=131 (full 3):
 PSYoungGen      total 4608K, used 667K [0x00000000d5580000, 0x00000000d5b00000, 0x0000000100000000)
  eden space 3584K, 0% used [0x00000000d5580000,0x00000000d5580000,0x00000000d5900000)
  from space 1024K, 65% used [0x00000000d5a00000,0x00000000d5aa6c08,0x00000000d5b00000)
  to   space 1024K, 0% used [0x00000000d5900000,0x00000000d5900000,0x00000000d5a00000)
 ParOldGen       total 108032K, used 107848K [0x0000000080000000, 0x0000000086980000, 0x00000000d5580000)
  object space 108032K, 99% used [0x0000000080000000,0x0000000086952240,0x0000000086980000)
 Metaspace       used 72742K, committed 74304K, reserved 1179648K
  class space    used 7591K, committed 8320K, reserved 1048576K
}
Event: 57.742 GC heap before
{Heap before GC invocations=132 (full 3):
 PSYoungGen      total 4608K, used 4251K [0x00000000d5580000, 0x00000000d5b00000, 0x0000000100000000)
  eden space 3584K, 100% used [0x00000000d5580000,0x00000000d5900000,0x00000000d5900000)
  from space 1024K, 65% used [0x00000000d5a00000,0x00000000d5aa6c08,0x00000000d5b00000)
  to   space 1024K, 0% used [0x00000000d5900000,0x00000000d5900000,0x00000000d5a00000)
 ParOldGen       total 108032K, used 107848K [0x0000000080000000, 0x0000000086980000, 0x00000000d5580000)
  object space 108032K, 99% used [0x0000000080000000,0x0000000086952240,0x0000000086980000)
 Metaspace       used 72754K, committed 74304K, reserved 1179648K
  class space    used 7591K, committed 8320K, reserved 1048576K
}
Event: 57.744 GC heap after
{Heap after GC invocations=132 (full 3):
 PSYoungGen      total 4608K, used 4251K [0x00000000d5580000, 0x00000000d5b00000, 0x0000000100000000)
  eden space 3584K, 100% used [0x00000000d5580000,0x00000000d5900000,0x00000000d5900000)
  from space 1024K, 65% used [0x00000000d5a00000,0x00000000d5aa6c08,0x00000000d5b00000)
  to   space 1024K, 50% used [0x00000000d5900000,0x00000000d5980000,0x00000000d5a00000)
 ParOldGen       total 108544K, used 108332K [0x0000000080000000, 0x0000000086a00000, 0x00000000d5580000)
  object space 108544K, 99% used [0x0000000080000000,0x00000000869cb360,0x0000000086a00000)
 Metaspace       used 72754K, committed 74304K, reserved 1179648K
  class space    used 7591K, committed 8320K, reserved 1048576K
}
Event: 57.744 GC heap before
{Heap before GC invocations=133 (full 4):
 PSYoungGen      total 4608K, used 4251K [0x00000000d5580000, 0x00000000d5b00000, 0x0000000100000000)
  eden space 3584K, 100% used [0x00000000d5580000,0x00000000d5900000,0x00000000d5900000)
  from space 1024K, 65% used [0x00000000d5a00000,0x00000000d5aa6c08,0x00000000d5b00000)
  to   space 1024K, 50% used [0x00000000d5900000,0x00000000d5980000,0x00000000d5a00000)
 ParOldGen       total 108544K, used 108332K [0x0000000080000000, 0x0000000086a00000, 0x00000000d5580000)
  object space 108544K, 99% used [0x0000000080000000,0x00000000869cb360,0x0000000086a00000)
 Metaspace       used 72754K, committed 74304K, reserved 1179648K
  class space    used 7591K, committed 8320K, reserved 1048576K
}

